[2019-03-24 13:15:35] local.ERROR: SQLSTATE[22003]: Numeric value out of range: 1264 Out of range value for column 'price' at row 1 (SQL: insert into `tickets` (`movie_seance_id`, `date`, `price`, `code`, `is_punched`, `updated_at`, `created_at`) values (25, 2019-3-24, 1250, b4380451f51ba7407fb527e3c97f8df4, 0, 2019-03-24 13:15:35, 2019-03-24 13:15:35)) {"exception":"[object] (Illuminate\\Database\\QueryException(code: 22003): SQLSTATE[22003]: Numeric value out of range: 1264 Out of range value for column 'price' at row 1 (SQL: insert into `tickets` (`movie_seance_id`, `date`, `price`, `code`, `is_punched`, `updated_at`, `created_at`) values (25, 2019-3-24, 1250, b4380451f51ba7407fb527e3c97f8df4, 0, 2019-03-24 13:15:35, 2019-03-24 13:15:35)) at C:\\OpenServer\\OSPanel\\domains\\fs-diplom\\vendor\\laravel\\framework\\src\\Illuminate\\Database\\Connection.php:664, PDOException(code: 22003): SQLSTATE[22003]: Numeric value out of range: 1264 Out of range value for column 'price' at row 1 at C:\\OpenServer\\OSPanel\\domains\\fs-diplom\\vendor\\laravel\\framework\\src\\Illuminate\\Database\\Connection.php:458)
[stacktrace]
#0 C:\\OpenServer\\OSPanel\\domains\\fs-diplom\\vendor\\laravel\\framework\\src\\Illuminate\\Database\\Connection.php(624): Illuminate\\Database\\Connection->runQueryCallback('insert into `ti...', Array, Object(Closure))
#1 C:\\OpenServer\\OSPanel\\domains\\fs-diplom\\vendor\\laravel\\framework\\src\\Illuminate\\Database\\Connection.php(459): Illuminate\\Database\\Connection->run('insert into `ti...', Array, Object(Closure))
#2 C:\\OpenServer\\OSPanel\\domains\\fs-diplom\\vendor\\laravel\\framework\\src\\Illuminate\\Database\\Connection.php(411): Illuminate\\Database\\Connection->statement('insert into `ti...', Array)
#3 C:\\OpenServer\\OSPanel\\domains\\fs-diplom\\vendor\\laravel\\framework\\src\\Illuminate\\Database\\Query\\Processors\\Processor.php(32): Illuminate\\Database\\Connection->insert('insert into `ti...', Array)
#4 C:\\OpenServer\\OSPanel\\domains\\fs-diplom\\vendor\\laravel\\framework\\src\\Illuminate\\Database\\Query\\Builder.php(2633): Illuminate\\Database\\Query\\Processors\\Processor->processInsertGetId(Object(Illuminate\\Database\\Query\\Builder), 'insert into `ti...', Array, 'id')
#5 C:\\OpenServer\\OSPanel\\domains\\fs-diplom\\vendor\\laravel\\framework\\src\\Illuminate\\Database\\Eloquent\\Builder.php(1347): Illuminate\\Database\\Query\\Builder->insertGetId(Array, 'id')
#6 C:\\OpenServer\\OSPanel\\domains\\fs-diplom\\vendor\\laravel\\framework\\src\\Illuminate\\Database\\Eloquent\\Model.php(835): Illuminate\\Database\\Eloquent\\Builder->__call('insertGetId', Array)
#7 C:\\OpenServer\\OSPanel\\domains\\fs-diplom\\vendor\\laravel\\framework\\src\\Illuminate\\Database\\Eloquent\\Model.php(800): Illuminate\\Database\\Eloquent\\Model->insertAndSetId(Object(Illuminate\\Database\\Eloquent\\Builder), Array)
#8 C:\\OpenServer\\OSPanel\\domains\\fs-diplom\\vendor\\laravel\\framework\\src\\Illuminate\\Database\\Eloquent\\Model.php(663): Illuminate\\Database\\Eloquent\\Model->performInsert(Object(Illuminate\\Database\\Eloquent\\Builder))
#9 C:\\OpenServer\\OSPanel\\domains\\fs-diplom\\app\\Api\\V1\\Controllers\\TicketsController.php(92): Illuminate\\Database\\Eloquent\\Model->save()
#10 [internal function]: App\\Api\\V1\\Controllers\\TicketsController->booking(Object(Dingo\\Api\\Http\\Request))
#11 C:\\OpenServer\\OSPanel\\domains\\fs-diplom\\vendor\\laravel\\framework\\src\\Illuminate\\Routing\\Controller.php(54): call_user_func_array(Array, Array)
#12 C:\\OpenServer\\OSPanel\\domains\\fs-diplom\\vendor\\laravel\\framework\\src\\Illuminate\\Routing\\ControllerDispatcher.php(45): Illuminate\\Routing\\Controller->callAction('booking', Array)
#13 C:\\OpenServer\\OSPanel\\domains\\fs-diplom\\vendor\\laravel\\framework\\src\\Illuminate\\Routing\\Route.php(219): Illuminate\\Routing\\ControllerDispatcher->dispatch(Object(Illuminate\\Routing\\Route), Object(App\\Api\\V1\\Controllers\\TicketsController), 'booking')
#14 C:\\OpenServer\\OSPanel\\domains\\fs-diplom\\vendor\\laravel\\framework\\src\\Illuminate\\Routing\\Route.php(176): Illuminate\\Routing\\Route->runController()
#15 C:\\OpenServer\\OSPanel\\domains\\fs-diplom\\vendor\\laravel\\framework\\src\\Illuminate\\Routing\\Router.php(680): Illuminate\\Routing\\Route->run()
#16 C:\\OpenServer\\OSPanel\\domains\\fs-diplom\\vendor\\laravel\\framework\\src\\Illuminate\\Routing\\Pipeline.php(30): Illuminate\\Routing\\Router->Illuminate\\Routing\\{closure}(Object(Dingo\\Api\\Http\\Request))
#17 C:\\OpenServer\\OSPanel\\domains\\fs-diplom\\vendor\\laravel\\framework\\src\\Illuminate\\Routing\\Middleware\\SubstituteBindings.php(41): Illuminate\\Routing\\Pipeline->Illuminate\\Routing\\{closure}(Object(Dingo\\Api\\Http\\Request))
#18 C:\\OpenServer\\OSPanel\\domains\\fs-diplom\\vendor\\laravel\\framework\\src\\Illuminate\\Pipeline\\Pipeline.php(163): Illuminate\\Routing\\Middleware\\SubstituteBindings->handle(Object(Dingo\\Api\\Http\\Request), Object(Closure))
#19 C:\\OpenServer\\OSPanel\\domains\\fs-diplom\\vendor\\laravel\\framework\\src\\Illuminate\\Routing\\Pipeline.php(53): Illuminate\\Pipeline\\Pipeline->Illuminate\\Pipeline\\{closure}(Object(Dingo\\Api\\Http\\Request))
#20 C:\\OpenServer\\OSPanel\\domains\\fs-diplom\\vendor\\laravel\\framework\\src\\Illuminate\\Routing\\Middleware\\ThrottleRequests.php(58): Illuminate\\Routing\\Pipeline->Illuminate\\Routing\\{closure}(Object(Dingo\\Api\\Http\\Request))
#21 C:\\OpenServer\\OSPanel\\domains\\fs-diplom\\vendor\\laravel\\framework\\src\\Illuminate\\Pipeline\\Pipeline.php(163): Illuminate\\Routing\\Middleware\\ThrottleRequests->handle(Object(Dingo\\Api\\Http\\Request), Object(Closure), 60, '1')
#22 C:\\OpenServer\\OSPanel\\domains\\fs-diplom\\vendor\\laravel\\framework\\src\\Illuminate\\Routing\\Pipeline.php(53): Illuminate\\Pipeline\\Pipeline->Illuminate\\Pipeline\\{closure}(Object(Dingo\\Api\\Http\\Request))
#23 C:\\OpenServer\\OSPanel\\domains\\fs-diplom\\vendor\\dingo\\api\\src\\Http\\Middleware\\PrepareController.php(45): Illuminate\\Routing\\Pipeline->Illuminate\\Routing\\{closure}(Object(Dingo\\Api\\Http\\Request))
#24 C:\\OpenServer\\OSPanel\\domains\\fs-diplom\\vendor\\laravel\\framework\\src\\Illuminate\\Pipeline\\Pipeline.php(163): Dingo\\Api\\Http\\Middleware\\PrepareController->handle(Object(Dingo\\Api\\Http\\Request), Object(Closure))
#25 C:\\OpenServer\\OSPanel\\domains\\fs-diplom\\vendor\\laravel\\framework\\src\\Illuminate\\Routing\\Pipeline.php(53): Illuminate\\Pipeline\\Pipeline->Illuminate\\Pipeline\\{closure}(Object(Dingo\\Api\\Http\\Request))
#26 C:\\OpenServer\\OSPanel\\domains\\fs-diplom\\vendor\\laravel\\framework\\src\\Illuminate\\Pipeline\\Pipeline.php(104): Illuminate\\Routing\\Pipeline->Illuminate\\Routing\\{closure}(Object(Dingo\\Api\\Http\\Request))
#27 C:\\OpenServer\\OSPanel\\domains\\fs-diplom\\vendor\\laravel\\framework\\src\\Illuminate\\Routing\\Router.php(682): Illuminate\\Pipeline\\Pipeline->then(Object(Closure))
#28 C:\\OpenServer\\OSPanel\\domains\\fs-diplom\\vendor\\laravel\\framework\\src\\Illuminate\\Routing\\Router.php(657): Illuminate\\Routing\\Router->runRouteWithinStack(Object(Illuminate\\Routing\\Route), Object(Dingo\\Api\\Http\\Request))
#29 C:\\OpenServer\\OSPanel\\domains\\fs-diplom\\vendor\\laravel\\framework\\src\\Illuminate\\Routing\\Router.php(623): Illuminate\\Routing\\Router->runRoute(Object(Dingo\\Api\\Http\\Request), Object(Illuminate\\Routing\\Route))
#30 C:\\OpenServer\\OSPanel\\domains\\fs-diplom\\vendor\\laravel\\framework\\src\\Illuminate\\Routing\\Router.php(612): Illuminate\\Routing\\Router->dispatchToRoute(Object(Dingo\\Api\\Http\\Request))
#31 C:\\OpenServer\\OSPanel\\domains\\fs-diplom\\vendor\\dingo\\api\\src\\Routing\\Adapter\\Laravel.php(88): Illuminate\\Routing\\Router->dispatch(Object(Dingo\\Api\\Http\\Request))
#32 C:\\OpenServer\\OSPanel\\domains\\fs-diplom\\vendor\\dingo\\api\\src\\Routing\\Router.php(514): Dingo\\Api\\Routing\\Adapter\\Laravel->dispatch(Object(Dingo\\Api\\Http\\Request), 'v1')
#33 C:\\OpenServer\\OSPanel\\domains\\fs-diplom\\vendor\\dingo\\api\\src\\Http\\Middleware\\Request.php(126): Dingo\\Api\\Routing\\Router->dispatch(Object(Dingo\\Api\\Http\\Request))
#34 C:\\OpenServer\\OSPanel\\domains\\fs-diplom\\vendor\\laravel\\framework\\src\\Illuminate\\Pipeline\\Pipeline.php(128): Dingo\\Api\\Http\\Middleware\\Request->Dingo\\Api\\Http\\Middleware\\{closure}(Object(Dingo\\Api\\Http\\Request))
#35 C:\\OpenServer\\OSPanel\\domains\\fs-diplom\\vendor\\fideloper\\proxy\\src\\TrustProxies.php(57): Illuminate\\Pipeline\\Pipeline->Illuminate\\Pipeline\\{closure}(Object(Dingo\\Api\\Http\\Request))
#36 C:\\OpenServer\\OSPanel\\domains\\fs-diplom\\vendor\\laravel\\framework\\src\\Illuminate\\Pipeline\\Pipeline.php(163): Fideloper\\Proxy\\TrustProxies->handle(Object(Dingo\\Api\\Http\\Request), Object(Closure))
#37 C:\\OpenServer\\OSPanel\\domains\\fs-diplom\\vendor\\laravel\\framework\\src\\Illuminate\\Foundation\\Http\\Middleware\\TransformsRequest.php(21): Illuminate\\Pipeline\\Pipeline->Illuminate\\Pipeline\\{closure}(Object(Dingo\\Api\\Http\\Request))
#38 C:\\OpenServer\\OSPanel\\domains\\fs-diplom\\vendor\\laravel\\framework\\src\\Illuminate\\Pipeline\\Pipeline.php(163): Illuminate\\Foundation\\Http\\Middleware\\TransformsRequest->handle(Object(Dingo\\Api\\Http\\Request), Object(Closure))
#39 C:\\OpenServer\\OSPanel\\domains\\fs-diplom\\vendor\\laravel\\framework\\src\\Illuminate\\Foundation\\Http\\Middleware\\TransformsRequest.php(21): Illuminate\\Pipeline\\Pipeline->Illuminate\\Pipeline\\{closure}(Object(Dingo\\Api\\Http\\Request))
#40 C:\\OpenServer\\OSPanel\\domains\\fs-diplom\\vendor\\laravel\\framework\\src\\Illuminate\\Pipeline\\Pipeline.php(163): Illuminate\\Foundation\\Http\\Middleware\\TransformsRequest->handle(Object(Dingo\\Api\\Http\\Request), Object(Closure))
#41 C:\\OpenServer\\OSPanel\\domains\\fs-diplom\\vendor\\laravel\\framework\\src\\Illuminate\\Foundation\\Http\\Middleware\\ValidatePostSize.php(27): Illuminate\\Pipeline\\Pipeline->Illuminate\\Pipeline\\{closure}(Object(Dingo\\Api\\Http\\Request))
#42 C:\\OpenServer\\OSPanel\\domains\\fs-diplom\\vendor\\laravel\\framework\\src\\Illuminate\\Pipeline\\Pipeline.php(163): Illuminate\\Foundation\\Http\\Middleware\\ValidatePostSize->handle(Object(Dingo\\Api\\Http\\Request), Object(Closure))
#43 C:\\OpenServer\\OSPanel\\domains\\fs-diplom\\vendor\\laravel\\framework\\src\\Illuminate\\Foundation\\Http\\Middleware\\CheckForMaintenanceMode.php(62): Illuminate\\Pipeline\\Pipeline->Illuminate\\Pipeline\\{closure}(Object(Dingo\\Api\\Http\\Request))
#44 C:\\OpenServer\\OSPanel\\domains\\fs-diplom\\vendor\\laravel\\framework\\src\\Illuminate\\Pipeline\\Pipeline.php(163): Illuminate\\Foundation\\Http\\Middleware\\CheckForMaintenanceMode->handle(Object(Dingo\\Api\\Http\\Request), Object(Closure))
#45 C:\\OpenServer\\OSPanel\\domains\\fs-diplom\\vendor\\laravel\\framework\\src\\Illuminate\\Pipeline\\Pipeline.php(104): Illuminate\\Pipeline\\Pipeline->Illuminate\\Pipeline\\{closure}(Object(Dingo\\Api\\Http\\Request))
#46 C:\\OpenServer\\OSPanel\\domains\\fs-diplom\\vendor\\dingo\\api\\src\\Http\\Middleware\\Request.php(127): Illuminate\\Pipeline\\Pipeline->then(Object(Closure))
#47 C:\\OpenServer\\OSPanel\\domains\\fs-diplom\\vendor\\dingo\\api\\src\\Http\\Middleware\\Request.php(103): Dingo\\Api\\Http\\Middleware\\Request->sendRequestThroughRouter(Object(Dingo\\Api\\Http\\Request))
#48 C:\\OpenServer\\OSPanel\\domains\\fs-diplom\\vendor\\laravel\\framework\\src\\Illuminate\\Pipeline\\Pipeline.php(163): Dingo\\Api\\Http\\Middleware\\Request->handle(Object(Dingo\\Api\\Http\\Request), Object(Closure))
#49 C:\\OpenServer\\OSPanel\\domains\\fs-diplom\\vendor\\laravel\\framework\\src\\Illuminate\\Routing\\Pipeline.php(53): Illuminate\\Pipeline\\Pipeline->Illuminate\\Pipeline\\{closure}(Object(Illuminate\\Http\\Request))
#50 C:\\OpenServer\\OSPanel\\domains\\fs-diplom\\vendor\\laravel\\framework\\src\\Illuminate\\Pipeline\\Pipeline.php(104): Illuminate\\Routing\\Pipeline->Illuminate\\Routing\\{closure}(Object(Illuminate\\Http\\Request))
#51 C:\\OpenServer\\OSPanel\\domains\\fs-diplom\\vendor\\laravel\\framework\\src\\Illuminate\\Foundation\\Http\\Kernel.php(151): Illuminate\\Pipeline\\Pipeline->then(Object(Closure))
#52 C:\\OpenServer\\OSPanel\\domains\\fs-diplom\\vendor\\laravel\\framework\\src\\Illuminate\\Foundation\\Http\\Kernel.php(116): Illuminate\\Foundation\\Http\\Kernel->sendRequestThroughRouter(Object(Illuminate\\Http\\Request))
#53 C:\\OpenServer\\OSPanel\\domains\\fs-diplom\\public\\index.php(53): Illuminate\\Foundation\\Http\\Kernel->handle(Object(Illuminate\\Http\\Request))
#54 {main}
"} 
[2019-03-24 13:15:58] local.ERROR: SQLSTATE[22003]: Numeric value out of range: 1264 Out of range value for column 'price' at row 1 (SQL: insert into `tickets` (`movie_seance_id`, `date`, `price`, `code`, `is_punched`, `updated_at`, `created_at`) values (25, 2019-3-24, 1250, 0db1324f64045f7ad0b2b502be62ff59, 0, 2019-03-24 13:15:58, 2019-03-24 13:15:58)) {"exception":"[object] (Illuminate\\Database\\QueryException(code: 22003): SQLSTATE[22003]: Numeric value out of range: 1264 Out of range value for column 'price' at row 1 (SQL: insert into `tickets` (`movie_seance_id`, `date`, `price`, `code`, `is_punched`, `updated_at`, `created_at`) values (25, 2019-3-24, 1250, 0db1324f64045f7ad0b2b502be62ff59, 0, 2019-03-24 13:15:58, 2019-03-24 13:15:58)) at C:\\OpenServer\\OSPanel\\domains\\fs-diplom\\vendor\\laravel\\framework\\src\\Illuminate\\Database\\Connection.php:664, PDOException(code: 22003): SQLSTATE[22003]: Numeric value out of range: 1264 Out of range value for column 'price' at row 1 at C:\\OpenServer\\OSPanel\\domains\\fs-diplom\\vendor\\laravel\\framework\\src\\Illuminate\\Database\\Connection.php:458)
[stacktrace]
#0 C:\\OpenServer\\OSPanel\\domains\\fs-diplom\\vendor\\laravel\\framework\\src\\Illuminate\\Database\\Connection.php(624): Illuminate\\Database\\Connection->runQueryCallback('insert into `ti...', Array, Object(Closure))
#1 C:\\OpenServer\\OSPanel\\domains\\fs-diplom\\vendor\\laravel\\framework\\src\\Illuminate\\Database\\Connection.php(459): Illuminate\\Database\\Connection->run('insert into `ti...', Array, Object(Closure))
#2 C:\\OpenServer\\OSPanel\\domains\\fs-diplom\\vendor\\laravel\\framework\\src\\Illuminate\\Database\\Connection.php(411): Illuminate\\Database\\Connection->statement('insert into `ti...', Array)
#3 C:\\OpenServer\\OSPanel\\domains\\fs-diplom\\vendor\\laravel\\framework\\src\\Illuminate\\Database\\Query\\Processors\\Processor.php(32): Illuminate\\Database\\Connection->insert('insert into `ti...', Array)
#4 C:\\OpenServer\\OSPanel\\domains\\fs-diplom\\vendor\\laravel\\framework\\src\\Illuminate\\Database\\Query\\Builder.php(2633): Illuminate\\Database\\Query\\Processors\\Processor->processInsertGetId(Object(Illuminate\\Database\\Query\\Builder), 'insert into `ti...', Array, 'id')
#5 C:\\OpenServer\\OSPanel\\domains\\fs-diplom\\vendor\\laravel\\framework\\src\\Illuminate\\Database\\Eloquent\\Builder.php(1347): Illuminate\\Database\\Query\\Builder->insertGetId(Array, 'id')
#6 C:\\OpenServer\\OSPanel\\domains\\fs-diplom\\vendor\\laravel\\framework\\src\\Illuminate\\Database\\Eloquent\\Model.php(835): Illuminate\\Database\\Eloquent\\Builder->__call('insertGetId', Array)
#7 C:\\OpenServer\\OSPanel\\domains\\fs-diplom\\vendor\\laravel\\framework\\src\\Illuminate\\Database\\Eloquent\\Model.php(800): Illuminate\\Database\\Eloquent\\Model->insertAndSetId(Object(Illuminate\\Database\\Eloquent\\Builder), Array)
#8 C:\\OpenServer\\OSPanel\\domains\\fs-diplom\\vendor\\laravel\\framework\\src\\Illuminate\\Database\\Eloquent\\Model.php(663): Illuminate\\Database\\Eloquent\\Model->performInsert(Object(Illuminate\\Database\\Eloquent\\Builder))
#9 C:\\OpenServer\\OSPanel\\domains\\fs-diplom\\app\\Api\\V1\\Controllers\\TicketsController.php(92): Illuminate\\Database\\Eloquent\\Model->save()
#10 [internal function]: App\\Api\\V1\\Controllers\\TicketsController->booking(Object(Dingo\\Api\\Http\\Request))
#11 C:\\OpenServer\\OSPanel\\domains\\fs-diplom\\vendor\\laravel\\framework\\src\\Illuminate\\Routing\\Controller.php(54): call_user_func_array(Array, Array)
#12 C:\\OpenServer\\OSPanel\\domains\\fs-diplom\\vendor\\laravel\\framework\\src\\Illuminate\\Routing\\ControllerDispatcher.php(45): Illuminate\\Routing\\Controller->callAction('booking', Array)
#13 C:\\OpenServer\\OSPanel\\domains\\fs-diplom\\vendor\\laravel\\framework\\src\\Illuminate\\Routing\\Route.php(219): Illuminate\\Routing\\ControllerDispatcher->dispatch(Object(Illuminate\\Routing\\Route), Object(App\\Api\\V1\\Controllers\\TicketsController), 'booking')
#14 C:\\OpenServer\\OSPanel\\domains\\fs-diplom\\vendor\\laravel\\framework\\src\\Illuminate\\Routing\\Route.php(176): Illuminate\\Routing\\Route->runController()
#15 C:\\OpenServer\\OSPanel\\domains\\fs-diplom\\vendor\\laravel\\framework\\src\\Illuminate\\Routing\\Router.php(680): Illuminate\\Routing\\Route->run()
#16 C:\\OpenServer\\OSPanel\\domains\\fs-diplom\\vendor\\laravel\\framework\\src\\Illuminate\\Routing\\Pipeline.php(30): Illuminate\\Routing\\Router->Illuminate\\Routing\\{closure}(Object(Dingo\\Api\\Http\\Request))
#17 C:\\OpenServer\\OSPanel\\domains\\fs-diplom\\vendor\\laravel\\framework\\src\\Illuminate\\Routing\\Middleware\\SubstituteBindings.php(41): Illuminate\\Routing\\Pipeline->Illuminate\\Routing\\{closure}(Object(Dingo\\Api\\Http\\Request))
#18 C:\\OpenServer\\OSPanel\\domains\\fs-diplom\\vendor\\laravel\\framework\\src\\Illuminate\\Pipeline\\Pipeline.php(163): Illuminate\\Routing\\Middleware\\SubstituteBindings->handle(Object(Dingo\\Api\\Http\\Request), Object(Closure))
#19 C:\\OpenServer\\OSPanel\\domains\\fs-diplom\\vendor\\laravel\\framework\\src\\Illuminate\\Routing\\Pipeline.php(53): Illuminate\\Pipeline\\Pipeline->Illuminate\\Pipeline\\{closure}(Object(Dingo\\Api\\Http\\Request))
#20 C:\\OpenServer\\OSPanel\\domains\\fs-diplom\\vendor\\laravel\\framework\\src\\Illuminate\\Routing\\Middleware\\ThrottleRequests.php(58): Illuminate\\Routing\\Pipeline->Illuminate\\Routing\\{closure}(Object(Dingo\\Api\\Http\\Request))
#21 C:\\OpenServer\\OSPanel\\domains\\fs-diplom\\vendor\\laravel\\framework\\src\\Illuminate\\Pipeline\\Pipeline.php(163): Illuminate\\Routing\\Middleware\\ThrottleRequests->handle(Object(Dingo\\Api\\Http\\Request), Object(Closure), 60, '1')
#22 C:\\OpenServer\\OSPanel\\domains\\fs-diplom\\vendor\\laravel\\framework\\src\\Illuminate\\Routing\\Pipeline.php(53): Illuminate\\Pipeline\\Pipeline->Illuminate\\Pipeline\\{closure}(Object(Dingo\\Api\\Http\\Request))
#23 C:\\OpenServer\\OSPanel\\domains\\fs-diplom\\vendor\\dingo\\api\\src\\Http\\Middleware\\PrepareController.php(45): Illuminate\\Routing\\Pipeline->Illuminate\\Routing\\{closure}(Object(Dingo\\Api\\Http\\Request))
#24 C:\\OpenServer\\OSPanel\\domains\\fs-diplom\\vendor\\laravel\\framework\\src\\Illuminate\\Pipeline\\Pipeline.php(163): Dingo\\Api\\Http\\Middleware\\PrepareController->handle(Object(Dingo\\Api\\Http\\Request), Object(Closure))
#25 C:\\OpenServer\\OSPanel\\domains\\fs-diplom\\vendor\\laravel\\framework\\src\\Illuminate\\Routing\\Pipeline.php(53): Illuminate\\Pipeline\\Pipeline->Illuminate\\Pipeline\\{closure}(Object(Dingo\\Api\\Http\\Request))
#26 C:\\OpenServer\\OSPanel\\domains\\fs-diplom\\vendor\\laravel\\framework\\src\\Illuminate\\Pipeline\\Pipeline.php(104): Illuminate\\Routing\\Pipeline->Illuminate\\Routing\\{closure}(Object(Dingo\\Api\\Http\\Request))
#27 C:\\OpenServer\\OSPanel\\domains\\fs-diplom\\vendor\\laravel\\framework\\src\\Illuminate\\Routing\\Router.php(682): Illuminate\\Pipeline\\Pipeline->then(Object(Closure))
#28 C:\\OpenServer\\OSPanel\\domains\\fs-diplom\\vendor\\laravel\\framework\\src\\Illuminate\\Routing\\Router.php(657): Illuminate\\Routing\\Router->runRouteWithinStack(Object(Illuminate\\Routing\\Route), Object(Dingo\\Api\\Http\\Request))
#29 C:\\OpenServer\\OSPanel\\domains\\fs-diplom\\vendor\\laravel\\framework\\src\\Illuminate\\Routing\\Router.php(623): Illuminate\\Routing\\Router->runRoute(Object(Dingo\\Api\\Http\\Request), Object(Illuminate\\Routing\\Route))
#30 C:\\OpenServer\\OSPanel\\domains\\fs-diplom\\vendor\\laravel\\framework\\src\\Illuminate\\Routing\\Router.php(612): Illuminate\\Routing\\Router->dispatchToRoute(Object(Dingo\\Api\\Http\\Request))
#31 C:\\OpenServer\\OSPanel\\domains\\fs-diplom\\vendor\\dingo\\api\\src\\Routing\\Adapter\\Laravel.php(88): Illuminate\\Routing\\Router->dispatch(Object(Dingo\\Api\\Http\\Request))
#32 C:\\OpenServer\\OSPanel\\domains\\fs-diplom\\vendor\\dingo\\api\\src\\Routing\\Router.php(514): Dingo\\Api\\Routing\\Adapter\\Laravel->dispatch(Object(Dingo\\Api\\Http\\Request), 'v1')
#33 C:\\OpenServer\\OSPanel\\domains\\fs-diplom\\vendor\\dingo\\api\\src\\Http\\Middleware\\Request.php(126): Dingo\\Api\\Routing\\Router->dispatch(Object(Dingo\\Api\\Http\\Request))
#34 C:\\OpenServer\\OSPanel\\domains\\fs-diplom\\vendor\\laravel\\framework\\src\\Illuminate\\Pipeline\\Pipeline.php(128): Dingo\\Api\\Http\\Middleware\\Request->Dingo\\Api\\Http\\Middleware\\{closure}(Object(Dingo\\Api\\Http\\Request))
#35 C:\\OpenServer\\OSPanel\\domains\\fs-diplom\\vendor\\fideloper\\proxy\\src\\TrustProxies.php(57): Illuminate\\Pipeline\\Pipeline->Illuminate\\Pipeline\\{closure}(Object(Dingo\\Api\\Http\\Request))
#36 C:\\OpenServer\\OSPanel\\domains\\fs-diplom\\vendor\\laravel\\framework\\src\\Illuminate\\Pipeline\\Pipeline.php(163): Fideloper\\Proxy\\TrustProxies->handle(Object(Dingo\\Api\\Http\\Request), Object(Closure))
#37 C:\\OpenServer\\OSPanel\\domains\\fs-diplom\\vendor\\laravel\\framework\\src\\Illuminate\\Foundation\\Http\\Middleware\\TransformsRequest.php(21): Illuminate\\Pipeline\\Pipeline->Illuminate\\Pipeline\\{closure}(Object(Dingo\\Api\\Http\\Request))
#38 C:\\OpenServer\\OSPanel\\domains\\fs-diplom\\vendor\\laravel\\framework\\src\\Illuminate\\Pipeline\\Pipeline.php(163): Illuminate\\Foundation\\Http\\Middleware\\TransformsRequest->handle(Object(Dingo\\Api\\Http\\Request), Object(Closure))
#39 C:\\OpenServer\\OSPanel\\domains\\fs-diplom\\vendor\\laravel\\framework\\src\\Illuminate\\Foundation\\Http\\Middleware\\TransformsRequest.php(21): Illuminate\\Pipeline\\Pipeline->Illuminate\\Pipeline\\{closure}(Object(Dingo\\Api\\Http\\Request))
#40 C:\\OpenServer\\OSPanel\\domains\\fs-diplom\\vendor\\laravel\\framework\\src\\Illuminate\\Pipeline\\Pipeline.php(163): Illuminate\\Foundation\\Http\\Middleware\\TransformsRequest->handle(Object(Dingo\\Api\\Http\\Request), Object(Closure))
#41 C:\\OpenServer\\OSPanel\\domains\\fs-diplom\\vendor\\laravel\\framework\\src\\Illuminate\\Foundation\\Http\\Middleware\\ValidatePostSize.php(27): Illuminate\\Pipeline\\Pipeline->Illuminate\\Pipeline\\{closure}(Object(Dingo\\Api\\Http\\Request))
#42 C:\\OpenServer\\OSPanel\\domains\\fs-diplom\\vendor\\laravel\\framework\\src\\Illuminate\\Pipeline\\Pipeline.php(163): Illuminate\\Foundation\\Http\\Middleware\\ValidatePostSize->handle(Object(Dingo\\Api\\Http\\Request), Object(Closure))
#43 C:\\OpenServer\\OSPanel\\domains\\fs-diplom\\vendor\\laravel\\framework\\src\\Illuminate\\Foundation\\Http\\Middleware\\CheckForMaintenanceMode.php(62): Illuminate\\Pipeline\\Pipeline->Illuminate\\Pipeline\\{closure}(Object(Dingo\\Api\\Http\\Request))
#44 C:\\OpenServer\\OSPanel\\domains\\fs-diplom\\vendor\\laravel\\framework\\src\\Illuminate\\Pipeline\\Pipeline.php(163): Illuminate\\Foundation\\Http\\Middleware\\CheckForMaintenanceMode->handle(Object(Dingo\\Api\\Http\\Request), Object(Closure))
#45 C:\\OpenServer\\OSPanel\\domains\\fs-diplom\\vendor\\laravel\\framework\\src\\Illuminate\\Pipeline\\Pipeline.php(104): Illuminate\\Pipeline\\Pipeline->Illuminate\\Pipeline\\{closure}(Object(Dingo\\Api\\Http\\Request))
#46 C:\\OpenServer\\OSPanel\\domains\\fs-diplom\\vendor\\dingo\\api\\src\\Http\\Middleware\\Request.php(127): Illuminate\\Pipeline\\Pipeline->then(Object(Closure))
#47 C:\\OpenServer\\OSPanel\\domains\\fs-diplom\\vendor\\dingo\\api\\src\\Http\\Middleware\\Request.php(103): Dingo\\Api\\Http\\Middleware\\Request->sendRequestThroughRouter(Object(Dingo\\Api\\Http\\Request))
#48 C:\\OpenServer\\OSPanel\\domains\\fs-diplom\\vendor\\laravel\\framework\\src\\Illuminate\\Pipeline\\Pipeline.php(163): Dingo\\Api\\Http\\Middleware\\Request->handle(Object(Dingo\\Api\\Http\\Request), Object(Closure))
#49 C:\\OpenServer\\OSPanel\\domains\\fs-diplom\\vendor\\laravel\\framework\\src\\Illuminate\\Routing\\Pipeline.php(53): Illuminate\\Pipeline\\Pipeline->Illuminate\\Pipeline\\{closure}(Object(Illuminate\\Http\\Request))
#50 C:\\OpenServer\\OSPanel\\domains\\fs-diplom\\vendor\\laravel\\framework\\src\\Illuminate\\Pipeline\\Pipeline.php(104): Illuminate\\Routing\\Pipeline->Illuminate\\Routing\\{closure}(Object(Illuminate\\Http\\Request))
#51 C:\\OpenServer\\OSPanel\\domains\\fs-diplom\\vendor\\laravel\\framework\\src\\Illuminate\\Foundation\\Http\\Kernel.php(151): Illuminate\\Pipeline\\Pipeline->then(Object(Closure))
#52 C:\\OpenServer\\OSPanel\\domains\\fs-diplom\\vendor\\laravel\\framework\\src\\Illuminate\\Foundation\\Http\\Kernel.php(116): Illuminate\\Foundation\\Http\\Kernel->sendRequestThroughRouter(Object(Illuminate\\Http\\Request))
#53 C:\\OpenServer\\OSPanel\\domains\\fs-diplom\\public\\index.php(53): Illuminate\\Foundation\\Http\\Kernel->handle(Object(Illuminate\\Http\\Request))
#54 {main}
"} 
[2019-03-24 13:19:09] local.ERROR: SQLSTATE[22003]: Numeric value out of range: 1264 Out of range value for column 'price' at row 1 (SQL: insert into `tickets` (`movie_seance_id`, `date`, `price`, `code`, `is_punched`, `updated_at`, `created_at`) values (25, 2019-3-26, 1000, 2ac8a0dbe2976171c4a87a59d9e850d0, 0, 2019-03-24 13:19:09, 2019-03-24 13:19:09)) {"exception":"[object] (Illuminate\\Database\\QueryException(code: 22003): SQLSTATE[22003]: Numeric value out of range: 1264 Out of range value for column 'price' at row 1 (SQL: insert into `tickets` (`movie_seance_id`, `date`, `price`, `code`, `is_punched`, `updated_at`, `created_at`) values (25, 2019-3-26, 1000, 2ac8a0dbe2976171c4a87a59d9e850d0, 0, 2019-03-24 13:19:09, 2019-03-24 13:19:09)) at C:\\OpenServer\\OSPanel\\domains\\fs-diplom\\vendor\\laravel\\framework\\src\\Illuminate\\Database\\Connection.php:664, PDOException(code: 22003): SQLSTATE[22003]: Numeric value out of range: 1264 Out of range value for column 'price' at row 1 at C:\\OpenServer\\OSPanel\\domains\\fs-diplom\\vendor\\laravel\\framework\\src\\Illuminate\\Database\\Connection.php:458)
[stacktrace]
#0 C:\\OpenServer\\OSPanel\\domains\\fs-diplom\\vendor\\laravel\\framework\\src\\Illuminate\\Database\\Connection.php(624): Illuminate\\Database\\Connection->runQueryCallback('insert into `ti...', Array, Object(Closure))
#1 C:\\OpenServer\\OSPanel\\domains\\fs-diplom\\vendor\\laravel\\framework\\src\\Illuminate\\Database\\Connection.php(459): Illuminate\\Database\\Connection->run('insert into `ti...', Array, Object(Closure))
#2 C:\\OpenServer\\OSPanel\\domains\\fs-diplom\\vendor\\laravel\\framework\\src\\Illuminate\\Database\\Connection.php(411): Illuminate\\Database\\Connection->statement('insert into `ti...', Array)
#3 C:\\OpenServer\\OSPanel\\domains\\fs-diplom\\vendor\\laravel\\framework\\src\\Illuminate\\Database\\Query\\Processors\\Processor.php(32): Illuminate\\Database\\Connection->insert('insert into `ti...', Array)
#4 C:\\OpenServer\\OSPanel\\domains\\fs-diplom\\vendor\\laravel\\framework\\src\\Illuminate\\Database\\Query\\Builder.php(2633): Illuminate\\Database\\Query\\Processors\\Processor->processInsertGetId(Object(Illuminate\\Database\\Query\\Builder), 'insert into `ti...', Array, 'id')
#5 C:\\OpenServer\\OSPanel\\domains\\fs-diplom\\vendor\\laravel\\framework\\src\\Illuminate\\Database\\Eloquent\\Builder.php(1347): Illuminate\\Database\\Query\\Builder->insertGetId(Array, 'id')
#6 C:\\OpenServer\\OSPanel\\domains\\fs-diplom\\vendor\\laravel\\framework\\src\\Illuminate\\Database\\Eloquent\\Model.php(835): Illuminate\\Database\\Eloquent\\Builder->__call('insertGetId', Array)
#7 C:\\OpenServer\\OSPanel\\domains\\fs-diplom\\vendor\\laravel\\framework\\src\\Illuminate\\Database\\Eloquent\\Model.php(800): Illuminate\\Database\\Eloquent\\Model->insertAndSetId(Object(Illuminate\\Database\\Eloquent\\Builder), Array)
#8 C:\\OpenServer\\OSPanel\\domains\\fs-diplom\\vendor\\laravel\\framework\\src\\Illuminate\\Database\\Eloquent\\Model.php(663): Illuminate\\Database\\Eloquent\\Model->performInsert(Object(Illuminate\\Database\\Eloquent\\Builder))
#9 C:\\OpenServer\\OSPanel\\domains\\fs-diplom\\app\\Api\\V1\\Controllers\\TicketsController.php(92): Illuminate\\Database\\Eloquent\\Model->save()
#10 [internal function]: App\\Api\\V1\\Controllers\\TicketsController->booking(Object(Dingo\\Api\\Http\\Request))
#11 C:\\OpenServer\\OSPanel\\domains\\fs-diplom\\vendor\\laravel\\framework\\src\\Illuminate\\Routing\\Controller.php(54): call_user_func_array(Array, Array)
#12 C:\\OpenServer\\OSPanel\\domains\\fs-diplom\\vendor\\laravel\\framework\\src\\Illuminate\\Routing\\ControllerDispatcher.php(45): Illuminate\\Routing\\Controller->callAction('booking', Array)
#13 C:\\OpenServer\\OSPanel\\domains\\fs-diplom\\vendor\\laravel\\framework\\src\\Illuminate\\Routing\\Route.php(219): Illuminate\\Routing\\ControllerDispatcher->dispatch(Object(Illuminate\\Routing\\Route), Object(App\\Api\\V1\\Controllers\\TicketsController), 'booking')
#14 C:\\OpenServer\\OSPanel\\domains\\fs-diplom\\vendor\\laravel\\framework\\src\\Illuminate\\Routing\\Route.php(176): Illuminate\\Routing\\Route->runController()
#15 C:\\OpenServer\\OSPanel\\domains\\fs-diplom\\vendor\\laravel\\framework\\src\\Illuminate\\Routing\\Router.php(680): Illuminate\\Routing\\Route->run()
#16 C:\\OpenServer\\OSPanel\\domains\\fs-diplom\\vendor\\laravel\\framework\\src\\Illuminate\\Routing\\Pipeline.php(30): Illuminate\\Routing\\Router->Illuminate\\Routing\\{closure}(Object(Dingo\\Api\\Http\\Request))
#17 C:\\OpenServer\\OSPanel\\domains\\fs-diplom\\vendor\\laravel\\framework\\src\\Illuminate\\Routing\\Middleware\\SubstituteBindings.php(41): Illuminate\\Routing\\Pipeline->Illuminate\\Routing\\{closure}(Object(Dingo\\Api\\Http\\Request))
#18 C:\\OpenServer\\OSPanel\\domains\\fs-diplom\\vendor\\laravel\\framework\\src\\Illuminate\\Pipeline\\Pipeline.php(163): Illuminate\\Routing\\Middleware\\SubstituteBindings->handle(Object(Dingo\\Api\\Http\\Request), Object(Closure))
#19 C:\\OpenServer\\OSPanel\\domains\\fs-diplom\\vendor\\laravel\\framework\\src\\Illuminate\\Routing\\Pipeline.php(53): Illuminate\\Pipeline\\Pipeline->Illuminate\\Pipeline\\{closure}(Object(Dingo\\Api\\Http\\Request))
#20 C:\\OpenServer\\OSPanel\\domains\\fs-diplom\\vendor\\laravel\\framework\\src\\Illuminate\\Routing\\Middleware\\ThrottleRequests.php(58): Illuminate\\Routing\\Pipeline->Illuminate\\Routing\\{closure}(Object(Dingo\\Api\\Http\\Request))
#21 C:\\OpenServer\\OSPanel\\domains\\fs-diplom\\vendor\\laravel\\framework\\src\\Illuminate\\Pipeline\\Pipeline.php(163): Illuminate\\Routing\\Middleware\\ThrottleRequests->handle(Object(Dingo\\Api\\Http\\Request), Object(Closure), 60, '1')
#22 C:\\OpenServer\\OSPanel\\domains\\fs-diplom\\vendor\\laravel\\framework\\src\\Illuminate\\Routing\\Pipeline.php(53): Illuminate\\Pipeline\\Pipeline->Illuminate\\Pipeline\\{closure}(Object(Dingo\\Api\\Http\\Request))
#23 C:\\OpenServer\\OSPanel\\domains\\fs-diplom\\vendor\\dingo\\api\\src\\Http\\Middleware\\PrepareController.php(45): Illuminate\\Routing\\Pipeline->Illuminate\\Routing\\{closure}(Object(Dingo\\Api\\Http\\Request))
#24 C:\\OpenServer\\OSPanel\\domains\\fs-diplom\\vendor\\laravel\\framework\\src\\Illuminate\\Pipeline\\Pipeline.php(163): Dingo\\Api\\Http\\Middleware\\PrepareController->handle(Object(Dingo\\Api\\Http\\Request), Object(Closure))
#25 C:\\OpenServer\\OSPanel\\domains\\fs-diplom\\vendor\\laravel\\framework\\src\\Illuminate\\Routing\\Pipeline.php(53): Illuminate\\Pipeline\\Pipeline->Illuminate\\Pipeline\\{closure}(Object(Dingo\\Api\\Http\\Request))
#26 C:\\OpenServer\\OSPanel\\domains\\fs-diplom\\vendor\\laravel\\framework\\src\\Illuminate\\Pipeline\\Pipeline.php(104): Illuminate\\Routing\\Pipeline->Illuminate\\Routing\\{closure}(Object(Dingo\\Api\\Http\\Request))
#27 C:\\OpenServer\\OSPanel\\domains\\fs-diplom\\vendor\\laravel\\framework\\src\\Illuminate\\Routing\\Router.php(682): Illuminate\\Pipeline\\Pipeline->then(Object(Closure))
#28 C:\\OpenServer\\OSPanel\\domains\\fs-diplom\\vendor\\laravel\\framework\\src\\Illuminate\\Routing\\Router.php(657): Illuminate\\Routing\\Router->runRouteWithinStack(Object(Illuminate\\Routing\\Route), Object(Dingo\\Api\\Http\\Request))
#29 C:\\OpenServer\\OSPanel\\domains\\fs-diplom\\vendor\\laravel\\framework\\src\\Illuminate\\Routing\\Router.php(623): Illuminate\\Routing\\Router->runRoute(Object(Dingo\\Api\\Http\\Request), Object(Illuminate\\Routing\\Route))
#30 C:\\OpenServer\\OSPanel\\domains\\fs-diplom\\vendor\\laravel\\framework\\src\\Illuminate\\Routing\\Router.php(612): Illuminate\\Routing\\Router->dispatchToRoute(Object(Dingo\\Api\\Http\\Request))
#31 C:\\OpenServer\\OSPanel\\domains\\fs-diplom\\vendor\\dingo\\api\\src\\Routing\\Adapter\\Laravel.php(88): Illuminate\\Routing\\Router->dispatch(Object(Dingo\\Api\\Http\\Request))
#32 C:\\OpenServer\\OSPanel\\domains\\fs-diplom\\vendor\\dingo\\api\\src\\Routing\\Router.php(514): Dingo\\Api\\Routing\\Adapter\\Laravel->dispatch(Object(Dingo\\Api\\Http\\Request), 'v1')
#33 C:\\OpenServer\\OSPanel\\domains\\fs-diplom\\vendor\\dingo\\api\\src\\Http\\Middleware\\Request.php(126): Dingo\\Api\\Routing\\Router->dispatch(Object(Dingo\\Api\\Http\\Request))
#34 C:\\OpenServer\\OSPanel\\domains\\fs-diplom\\vendor\\laravel\\framework\\src\\Illuminate\\Pipeline\\Pipeline.php(128): Dingo\\Api\\Http\\Middleware\\Request->Dingo\\Api\\Http\\Middleware\\{closure}(Object(Dingo\\Api\\Http\\Request))
#35 C:\\OpenServer\\OSPanel\\domains\\fs-diplom\\vendor\\fideloper\\proxy\\src\\TrustProxies.php(57): Illuminate\\Pipeline\\Pipeline->Illuminate\\Pipeline\\{closure}(Object(Dingo\\Api\\Http\\Request))
#36 C:\\OpenServer\\OSPanel\\domains\\fs-diplom\\vendor\\laravel\\framework\\src\\Illuminate\\Pipeline\\Pipeline.php(163): Fideloper\\Proxy\\TrustProxies->handle(Object(Dingo\\Api\\Http\\Request), Object(Closure))
#37 C:\\OpenServer\\OSPanel\\domains\\fs-diplom\\vendor\\laravel\\framework\\src\\Illuminate\\Foundation\\Http\\Middleware\\TransformsRequest.php(21): Illuminate\\Pipeline\\Pipeline->Illuminate\\Pipeline\\{closure}(Object(Dingo\\Api\\Http\\Request))
#38 C:\\OpenServer\\OSPanel\\domains\\fs-diplom\\vendor\\laravel\\framework\\src\\Illuminate\\Pipeline\\Pipeline.php(163): Illuminate\\Foundation\\Http\\Middleware\\TransformsRequest->handle(Object(Dingo\\Api\\Http\\Request), Object(Closure))
#39 C:\\OpenServer\\OSPanel\\domains\\fs-diplom\\vendor\\laravel\\framework\\src\\Illuminate\\Foundation\\Http\\Middleware\\TransformsRequest.php(21): Illuminate\\Pipeline\\Pipeline->Illuminate\\Pipeline\\{closure}(Object(Dingo\\Api\\Http\\Request))
#40 C:\\OpenServer\\OSPanel\\domains\\fs-diplom\\vendor\\laravel\\framework\\src\\Illuminate\\Pipeline\\Pipeline.php(163): Illuminate\\Foundation\\Http\\Middleware\\TransformsRequest->handle(Object(Dingo\\Api\\Http\\Request), Object(Closure))
#41 C:\\OpenServer\\OSPanel\\domains\\fs-diplom\\vendor\\laravel\\framework\\src\\Illuminate\\Foundation\\Http\\Middleware\\ValidatePostSize.php(27): Illuminate\\Pipeline\\Pipeline->Illuminate\\Pipeline\\{closure}(Object(Dingo\\Api\\Http\\Request))
#42 C:\\OpenServer\\OSPanel\\domains\\fs-diplom\\vendor\\laravel\\framework\\src\\Illuminate\\Pipeline\\Pipeline.php(163): Illuminate\\Foundation\\Http\\Middleware\\ValidatePostSize->handle(Object(Dingo\\Api\\Http\\Request), Object(Closure))
#43 C:\\OpenServer\\OSPanel\\domains\\fs-diplom\\vendor\\laravel\\framework\\src\\Illuminate\\Foundation\\Http\\Middleware\\CheckForMaintenanceMode.php(62): Illuminate\\Pipeline\\Pipeline->Illuminate\\Pipeline\\{closure}(Object(Dingo\\Api\\Http\\Request))
#44 C:\\OpenServer\\OSPanel\\domains\\fs-diplom\\vendor\\laravel\\framework\\src\\Illuminate\\Pipeline\\Pipeline.php(163): Illuminate\\Foundation\\Http\\Middleware\\CheckForMaintenanceMode->handle(Object(Dingo\\Api\\Http\\Request), Object(Closure))
#45 C:\\OpenServer\\OSPanel\\domains\\fs-diplom\\vendor\\laravel\\framework\\src\\Illuminate\\Pipeline\\Pipeline.php(104): Illuminate\\Pipeline\\Pipeline->Illuminate\\Pipeline\\{closure}(Object(Dingo\\Api\\Http\\Request))
#46 C:\\OpenServer\\OSPanel\\domains\\fs-diplom\\vendor\\dingo\\api\\src\\Http\\Middleware\\Request.php(127): Illuminate\\Pipeline\\Pipeline->then(Object(Closure))
#47 C:\\OpenServer\\OSPanel\\domains\\fs-diplom\\vendor\\dingo\\api\\src\\Http\\Middleware\\Request.php(103): Dingo\\Api\\Http\\Middleware\\Request->sendRequestThroughRouter(Object(Dingo\\Api\\Http\\Request))
#48 C:\\OpenServer\\OSPanel\\domains\\fs-diplom\\vendor\\laravel\\framework\\src\\Illuminate\\Pipeline\\Pipeline.php(163): Dingo\\Api\\Http\\Middleware\\Request->handle(Object(Dingo\\Api\\Http\\Request), Object(Closure))
#49 C:\\OpenServer\\OSPanel\\domains\\fs-diplom\\vendor\\laravel\\framework\\src\\Illuminate\\Routing\\Pipeline.php(53): Illuminate\\Pipeline\\Pipeline->Illuminate\\Pipeline\\{closure}(Object(Illuminate\\Http\\Request))
#50 C:\\OpenServer\\OSPanel\\domains\\fs-diplom\\vendor\\laravel\\framework\\src\\Illuminate\\Pipeline\\Pipeline.php(104): Illuminate\\Routing\\Pipeline->Illuminate\\Routing\\{closure}(Object(Illuminate\\Http\\Request))
#51 C:\\OpenServer\\OSPanel\\domains\\fs-diplom\\vendor\\laravel\\framework\\src\\Illuminate\\Foundation\\Http\\Kernel.php(151): Illuminate\\Pipeline\\Pipeline->then(Object(Closure))
#52 C:\\OpenServer\\OSPanel\\domains\\fs-diplom\\vendor\\laravel\\framework\\src\\Illuminate\\Foundation\\Http\\Kernel.php(116): Illuminate\\Foundation\\Http\\Kernel->sendRequestThroughRouter(Object(Illuminate\\Http\\Request))
#53 C:\\OpenServer\\OSPanel\\domains\\fs-diplom\\public\\index.php(53): Illuminate\\Foundation\\Http\\Kernel->handle(Object(Illuminate\\Http\\Request))
#54 {main}
"} 
